julia> versioninfo()
Julia Version 1.6.0
Commit f9720dc2eb (2021-03-24 12:55 UTC)
Platform Info:
  OS: Linux (x86_64-linux-gnu)
  CPU: Intel(R) Xeon(R) CPU           X5675  @ 3.07GHz
  WORD_SIZE: 64
  LIBM: libopenlibm
  LLVM: libLLVM-11.0.1 (ORCJIT, westmere)

julia> using CUDA

julia> CUDA.versioninfo()
Invalid instruction at 0x7ff229e34097: 0xc5, 0xfd, 0x6f, 0x05, 0x01, 0x16, 0x3c, 0x00, 0x48, 0x8d, 0x05, 0xea, 0xf5, 0x3d, 0x05

signal (4): Illegal instruction
in expression starting at REPL[5]:1
unknown function (ip: 0x7ff229e34097)
unknown function (ip: 0x7ff2294f7f7c)
unknown function (ip: 0x7ff3fbf5db89)
unknown function (ip: 0x7ff3fbf5dc90)
_dl_catch_exception at /lib/x86_64-linux-gnu/libc.so.6 (unknown line)
unknown function (ip: 0x7ff3fbf620be)
_dl_catch_exception at /lib/x86_64-linux-gnu/libc.so.6 (unknown line)
unknown function (ip: 0x7ff3fbf615f9)
unknown function (ip: 0x7ff3fbf2a34b)
_dl_catch_exception at /lib/x86_64-linux-gnu/libc.so.6 (unknown line)
_dl_catch_error at /lib/x86_64-linux-gnu/libc.so.6 (unknown line)
unknown function (ip: 0x7ff3fbf2ab58)
dlopen at /lib/x86_64-linux-gnu/libdl.so.2 (unknown line)
jl_load_dynamic_library at /home/wankun/.local/src/julia/v1.6.0/src/dlload.c:257
#dlopen#3 at ./libdl.jl:114
dlopen at ./libdl.jl:114 [inlined]
dlopen at ./libdl.jl:114 [inlined]
use_artifact_cudnn at /home/wankun/.julia/packages/CUDA/M4jkK/deps/bindeps.jl:296
use_artifact_cuda at /home/wankun/.julia/packages/CUDA/M4jkK/deps/bindeps.jl:198
__init_dependencies__ at /home/wankun/.julia/packages/CUDA/M4jkK/deps/bindeps.jl:382
__runtime_init__ at /home/wankun/.julia/packages/CUDA/M4jkK/src/initialization.jl:103
macro expansion at /home/wankun/.julia/packages/CUDA/M4jkK/src/initialization.jl:32 [inlined]
macro expansion at ./lock.jl:209 [inlined]
_functional at /home/wankun/.julia/packages/CUDA/M4jkK/src/initialization.jl:26
functional at /home/wankun/.julia/packages/CUDA/M4jkK/src/initialization.jl:19
macro expansion at /home/wankun/.julia/packages/CUDA/M4jkK/src/initialization.jl:47 [inlined]
toolkit_version at /home/wankun/.julia/packages/CUDA/M4jkK/deps/bindeps.jl:26 [inlined]
versioninfo at /home/wankun/.julia/packages/CUDA/M4jkK/src/utilities.jl:43
_jl_invoke at /home/wankun/.local/src/julia/v1.6.0/src/gf.c:2237 [inlined]
jl_apply_generic at /home/wankun/.local/src/julia/v1.6.0/src/gf.c:2419
versioninfo at /home/wankun/.julia/packages/CUDA/M4jkK/src/utilities.jl:43
unknown function (ip: 0x7ff3e59a32dc)
_jl_invoke at /home/wankun/.local/src/julia/v1.6.0/src/gf.c:2237 [inlined]
jl_apply_generic at /home/wankun/.local/src/julia/v1.6.0/src/gf.c:2419
jl_apply at /home/wankun/.local/src/julia/v1.6.0/src/julia.h:1703 [inlined]
do_call at /home/wankun/.local/src/julia/v1.6.0/src/interpreter.c:115
eval_value at /home/wankun/.local/src/julia/v1.6.0/src/interpreter.c:204
eval_stmt_value at /home/wankun/.local/src/julia/v1.6.0/src/interpreter.c:155 [inlined]
eval_body at /home/wankun/.local/src/julia/v1.6.0/src/interpreter.c:557
jl_interpret_toplevel_thunk at /home/wankun/.local/src/julia/v1.6.0/src/interpreter.c:669
jl_toplevel_eval_flex at /home/wankun/.local/src/julia/v1.6.0/src/toplevel.c:877
jl_toplevel_eval_flex at /home/wankun/.local/src/julia/v1.6.0/src/toplevel.c:825
jl_toplevel_eval_flex at /home/wankun/.local/src/julia/v1.6.0/src/toplevel.c:825
jl_toplevel_eval_in at /home/wankun/.local/src/julia/v1.6.0/src/toplevel.c:929
eval at ./boot.jl:360 [inlined]
eval_user_input at /home/wankun/.local/src/julia/v1.6.0/usr/share/julia/stdlib/v1.6/REPL/src/REPL.jl:139
repl_backend_loop at /home/wankun/.local/src/julia/v1.6.0/usr/share/julia/stdlib/v1.6/REPL/src/REPL.jl:200
start_repl_backend at /home/wankun/.local/src/julia/v1.6.0/usr/share/julia/stdlib/v1.6/REPL/src/REPL.jl:185
#run_repl#42 at /home/wankun/.local/src/julia/v1.6.0/usr/share/julia/stdlib/v1.6/REPL/src/REPL.jl:317
run_repl at /home/wankun/.local/src/julia/v1.6.0/usr/share/julia/stdlib/v1.6/REPL/src/REPL.jl:305
_jl_invoke at /home/wankun/.local/src/julia/v1.6.0/src/gf.c:2237 [inlined]
jl_apply_generic at /home/wankun/.local/src/julia/v1.6.0/src/gf.c:2419
#874 at ./client.jl:387
jfptr_YY.874_28121 at /home/wankun/.local/src/julia/v1.6.0/usr/lib/julia/sys.so (unknown line)
_jl_invoke at /home/wankun/.local/src/julia/v1.6.0/src/gf.c:2237 [inlined]
jl_apply_generic at /home/wankun/.local/src/julia/v1.6.0/src/gf.c:2419
jl_apply at /home/wankun/.local/src/julia/v1.6.0/src/julia.h:1703 [inlined]
jl_f__call_latest at /home/wankun/.local/src/julia/v1.6.0/src/builtins.c:714
#invokelatest#2 at ./essentials.jl:708 [inlined]
invokelatest at ./essentials.jl:706 [inlined]
run_main_repl at ./client.jl:372
exec_options at ./client.jl:302
_start at ./client.jl:485
jfptr__start_31495 at /home/wankun/.local/src/julia/v1.6.0/usr/lib/julia/sys.so (unknown line)
_jl_invoke at /home/wankun/.local/src/julia/v1.6.0/src/gf.c:2237 [inlined]
jl_apply_generic at /home/wankun/.local/src/julia/v1.6.0/src/gf.c:2419
jl_apply at /home/wankun/.local/src/julia/v1.6.0/src/julia.h:1703 [inlined]
true_main at /home/wankun/.local/src/julia/v1.6.0/src/jlapi.c:560
repl_entrypoint at /home/wankun/.local/src/julia/v1.6.0/src/jlapi.c:702
main at julia (unknown line)
__libc_start_main at /lib/x86_64-linux-gnu/libc.so.6 (unknown line)
_start at julia (unknown line)
Allocations: 165432408 (Pool: 165405808; Big: 26600); GC: 72
Illegal instruction (core dumped)
